<?xml version="1.0" encoding="UTF-8"?>
<!-- Generated by org.testng.reporters.JUnitReportReporter -->
<testsuite hostname="Priyadarshini" failures="0" tests="4" name="pajeObjectModel.IMDBPojoClass" time="15.575" errors="0" timestamp="2022-10-21T12:47:14 IST" skipped="0">
  <testcase classname="pajeObjectModel.IMDBPojoClass" name="OpenBrowser" time="14.920"/>
  <system-out/>
  <testcase classname="pajeObjectModel.IMDBPojoClass" name="CheckReleaseDate" time="0.232"/>
  <system-out/>
  <testcase classname="pajeObjectModel.IMDBPojoClass" name="CheckReleaseCountryName" time="0.230"/>
  <system-out/>
  <testcase classname="pajeObjectModel.IMDBPojoClass" name="closeBrowser" time="0.193"/>
  <system-out/>
</testsuite> <!-- pajeObjectModel.IMDBPojoClass -->
